#
# There is insufficient memory for the Java Runtime Environment to continue.
# Native memory allocation (mmap) failed to map 65536 bytes for Failed to commit metaspace.
# Possible reasons:
#   The system is out of physical RAM or swap space
#   The process is running with CompressedOops enabled, and the Java Heap may be blocking the growth of the native heap
# Possible solutions:
#   Reduce memory load on the system
#   Increase physical memory or swap space
#   Check if swap backing store is full
#   Decrease Java heap size (-Xmx/-Xms)
#   Decrease number of Java threads
#   Decrease Java thread stack sizes (-Xss)
#   Set larger code cache with -XX:ReservedCodeCacheSize=
#   JVM is running with Zero Based Compressed Oops mode in which the Java heap is
#     placed in the first 32GB address space. The Java Heap base address is the
#     maximum limit for the native heap growth. Please use -XX:HeapBaseMinAddress
#     to set the Java Heap base and to place the Java Heap above 32GB virtual address.
# This output file may be truncated or incomplete.
#
#  Out of Memory Error (virtualSpaceNode.cpp:108), pid=25140, tid=20680
#
# JRE version: Java(TM) SE Runtime Environment (16.0.1+9) (build 16.0.1+9-24)
# Java VM: Java HotSpot(TM) 64-Bit Server VM (16.0.1+9-24, mixed mode, sharing, tiered, compressed oops, compressed class ptrs, g1 gc, windows-amd64)
# No core dump will be written. Minidumps are not enabled by default on client versions of Windows
#

---------------  S U M M A R Y ------------

Command Line: -XX:TieredStopAtLevel=1 -Xverify:none -Dspring.output.ansi.enabled=always -Dcom.sun.management.jmxremote -Dspring.jmx.enabled=true -Dspring.liveBeansView.mbeanDomain -Dspring.application.admin.enabled=true -javaagent:D:\JetBrains\IntelliJ IDEA 2022.1\lib\idea_rt.jar=59366:D:\JetBrains\IntelliJ IDEA 2022.1\bin -Dfile.encoding=UTF-8 com.example.hemahotel.HeMaHotelApplication

Host: Intel(R) Core(TM) i5-10210U CPU @ 1.60GHz, 8 cores, 15G,  Windows 10 , 64 bit Build 19041 (10.0.19041.1645)
Time: Fri May 13 00:07:19 2022  Windows 10 , 64 bit Build 19041 (10.0.19041.1645) elapsed time: 1.020510 seconds (0d 0h 0m 1s)

---------------  T H R E A D  ---------------

Current thread (0x0000022c4ab24180):  JavaThread "main" [_thread_in_vm, id=20680, stack(0x0000003445000000,0x0000003445100000)]

Stack: [0x0000003445000000,0x0000003445100000]
Native frames: (J=compiled Java code, j=interpreted, Vv=VM code, C=native code)
V  [jvm.dll+0x6687ca]
V  [jvm.dll+0x7ca3c9]
V  [jvm.dll+0x7cbb53]
V  [jvm.dll+0x7cc1b3]
V  [jvm.dll+0x242ea5]
V  [jvm.dll+0x7c6a4b]
V  [jvm.dll+0x60e436]
V  [jvm.dll+0x1be93e]
V  [jvm.dll+0x610b91]
V  [jvm.dll+0x60ed31]
V  [jvm.dll+0x6193f7]
V  [jvm.dll+0x1e9a52]
V  [jvm.dll+0x1e9f85]
V  [jvm.dll+0x1eab0f]
V  [jvm.dll+0x1df8a1]
V  [jvm.dll+0x536728]
V  [jvm.dll+0x743011]
V  [jvm.dll+0x40775f]
V  [jvm.dll+0x40da82]
C  [java.dll+0x17c8]

Java frames: (J=compiled Java code, j=interpreted, Vv=VM code)
J 1187  java.lang.ClassLoader.defineClass1(Ljava/lang/ClassLoader;Ljava/lang/String;[BIILjava/security/ProtectionDomain;Ljava/lang/String;)Ljava/lang/Class; java.base@16.0.1 (0 bytes) @ 0x0000022c52b87a8b [0x0000022c52b879c0+0x00000000000000cb]
J 1201 c1 java.lang.ClassLoader.defineClass(Ljava/lang/String;[BIILjava/security/ProtectionDomain;)Ljava/lang/Class; java.base@16.0.1 (43 bytes) @ 0x0000022c52b8ffec [0x0000022c52b8fee0+0x000000000000010c]
J 1200 c1 jdk.internal.loader.BuiltinClassLoader.defineClass(Ljava/lang/String;Ljdk/internal/loader/Resource;)Ljava/lang/Class; java.base@16.0.1 (121 bytes) @ 0x0000022c52b8f574 [0x0000022c52b8f0a0+0x00000000000004d4]
J 1190 c1 jdk.internal.loader.BuiltinClassLoader.findClassOnClassPathOrNull(Ljava/lang/String;)Ljava/lang/Class; java.base@16.0.1 (64 bytes) @ 0x0000022c52b88964 [0x0000022c52b886a0+0x00000000000002c4]
J 1055 c1 jdk.internal.loader.BuiltinClassLoader.loadClassOrNull(Ljava/lang/String;Z)Ljava/lang/Class; java.base@16.0.1 (143 bytes) @ 0x0000022c52b4a8b4 [0x0000022c52b4a420+0x0000000000000494]
J 1126 c1 jdk.internal.loader.ClassLoaders$AppClassLoader.loadClass(Ljava/lang/String;Z)Ljava/lang/Class; java.base@16.0.1 (40 bytes) @ 0x0000022c52b6cc4c [0x0000022c52b6cb00+0x000000000000014c]
J 1117 c1 java.lang.ClassLoader.loadClass(Ljava/lang/String;)Ljava/lang/Class; java.base@16.0.1 (7 bytes) @ 0x0000022c52b6a984 [0x0000022c52b6a940+0x0000000000000044]
v  ~StubRoutines::call_stub
j  org.springframework.boot.autoconfigure.condition.OnClassCondition.createOutcomesResolver([Ljava/lang/String;IILorg/springframework/boot/autoconfigure/AutoConfigurationMetadata;)Lorg/springframework/boot/autoconfigure/condition/OnClassCondition$OutcomesResolver;+0
j  org.springframework.boot.autoconfigure.condition.OnClassCondition.resolveOutcomesThreaded([Ljava/lang/String;Lorg/springframework/boot/autoconfigure/AutoConfigurationMetadata;)[Lorg/springframework/boot/autoconfigure/condition/ConditionOutcome;+10
j  org.springframework.boot.autoconfigure.condition.OnClassCondition.getOutcomes([Ljava/lang/String;Lorg/springframework/boot/autoconfigure/AutoConfigurationMetadata;)[Lorg/springframework/boot/autoconfigure/condition/ConditionOutcome;+19
j  org.springframework.boot.autoconfigure.condition.FilteringSpringBootCondition.match([Ljava/lang/String;Lorg/springframework/boot/autoconfigure/AutoConfigurationMetadata;)[Z+11
j  org.springframework.boot.autoconfigure.AutoConfigurationImportSelector$ConfigurationClassFilter.filter(Ljava/util/List;)Ljava/util/List;+54
j  org.springframework.boot.autoconfigure.AutoConfigurationImportSelector.getAutoConfigurationEntry(Lorg/springframework/core/type/AnnotationMetadata;)Lorg/springframework/boot/autoconfigure/AutoConfigurationImportSelector$AutoConfigurationEntry;+60
j  org.springframework.boot.autoconfigure.AutoConfigurationImportSelector$AutoConfigurationGroup.process(Lorg/springframework/core/type/AnnotationMetadata;Lorg/springframework/context/annotation/DeferredImportSelector;)V+18
j  org.springframework.context.annotation.ConfigurationClassParser$DeferredImportSelectorGrouping.getImports()Ljava/lang/Iterable;+44
j  org.springframework.context.annotation.ConfigurationClassParser$DeferredImportSelectorGroupingHandler.processGroupImports()V+40
j  org.springframework.context.annotation.ConfigurationClassParser$DeferredImportSelectorHandler.process()V+54
j  org.springframework.context.annotation.ConfigurationClassParser.parse(Ljava/util/Set;)V+171
j  org.springframework.context.annotation.ConfigurationClassPostProcessor.processConfigBeanDefinitions(Lorg/springframework/beans/factory/support/BeanDefinitionRegistry;)V+308
j  org.springframework.context.annotation.ConfigurationClassPostProcessor.postProcessBeanDefinitionRegistry(Lorg/springframework/beans/factory/support/BeanDefinitionRegistry;)V+107
j  org.springframework.context.support.PostProcessorRegistrationDelegate.invokeBeanDefinitionRegistryPostProcessors(Ljava/util/Collection;Lorg/springframework/beans/factory/support/BeanDefinitionRegistry;Lorg/springframework/core/metrics/ApplicationStartup;)V+59
j  org.springframework.context.support.PostProcessorRegistrationDelegate.invokeBeanFactoryPostProcessors(Lorg/springframework/beans/factory/config/ConfigurableListableBeanFactory;Ljava/util/List;)V+235
j  org.springframework.context.support.AbstractApplicationContext.invokeBeanFactoryPostProcessors(Lorg/springframework/beans/factory/config/ConfigurableListableBeanFactory;)V+5
j  org.springframework.context.support.AbstractApplicationContext.refresh()V+53
j  org.springframework.boot.web.servlet.context.ServletWebServerApplicationContext.refresh()V+1
j  org.springframework.boot.SpringApplication.refresh(Lorg/springframework/context/ConfigurableApplicationContext;)V+1
j  org.springframework.boot.SpringApplication.refreshContext(Lorg/springframework/context/ConfigurableApplicationContext;)V+16
j  org.springframework.boot.SpringApplication.run([Ljava/lang/String;)Lorg/springframework/context/ConfigurableApplicationContext;+107
j  org.springframework.boot.SpringApplication.run([Ljava/lang/Class;[Ljava/lang/String;)Lorg/springframework/context/ConfigurableApplicationContext;+9
j  org.springframework.boot.SpringApplication.run(Ljava/lang/Class;[Ljava/lang/String;)Lorg/springframework/context/ConfigurableApplicationContext;+9
j  com.example.hemahotel.HeMaHotelApplication.main([Ljava/lang/String;)V+3
v  ~StubRoutines::call_stub

---------------  P R O C E S S  ---------------

Threads class SMR info:
_java_thread_list=0x0000022c6f2235f0, length=13, elements={
0x0000022c4ab24180, 0x0000022c6d68dd90, 0x0000022c6d691400, 0x0000022c6d6b7a60,
0x0000022c6d6a61e0, 0x0000022c6d6a6af0, 0x0000022c6d6aa350, 0x0000022c6d6ae900,
0x0000022c6d6b0190, 0x0000022c6e187a90, 0x0000022c6e750730, 0x0000022c6e750c50,
0x0000022c6e81d900
}

Java Threads: ( => current thread )
=>0x0000022c4ab24180 JavaThread "main" [_thread_in_vm, id=20680, stack(0x0000003445000000,0x0000003445100000)]
  0x0000022c6d68dd90 JavaThread "Reference Handler" daemon [_thread_blocked, id=23192, stack(0x0000003445700000,0x0000003445800000)]
  0x0000022c6d691400 JavaThread "Finalizer" daemon [_thread_blocked, id=20240, stack(0x0000003445800000,0x0000003445900000)]
  0x0000022c6d6b7a60 JavaThread "Signal Dispatcher" daemon [_thread_blocked, id=13500, stack(0x0000003445900000,0x0000003445a00000)]
  0x0000022c6d6a61e0 JavaThread "Attach Listener" daemon [_thread_blocked, id=26780, stack(0x0000003445a00000,0x0000003445b00000)]
  0x0000022c6d6a6af0 JavaThread "Service Thread" daemon [_thread_blocked, id=9088, stack(0x0000003445b00000,0x0000003445c00000)]
  0x0000022c6d6aa350 JavaThread "Monitor Deflation Thread" daemon [_thread_blocked, id=14156, stack(0x0000003445c00000,0x0000003445d00000)]
  0x0000022c6d6ae900 JavaThread "C1 CompilerThread0" daemon [_thread_blocked, id=26948, stack(0x0000003445d00000,0x0000003445e00000)]
  0x0000022c6d6b0190 JavaThread "Sweeper thread" daemon [_thread_blocked, id=25708, stack(0x0000003445e00000,0x0000003445f00000)]
  0x0000022c6e187a90 JavaThread "Common-Cleaner" daemon [_thread_blocked, id=3712, stack(0x0000003445f00000,0x0000003446000000)]
  0x0000022c6e750730 JavaThread "Monitor Ctrl-Break" daemon [_thread_in_native, id=20852, stack(0x0000003446000000,0x0000003446100000)]
  0x0000022c6e750c50 JavaThread "Notification Thread" daemon [_thread_blocked, id=6364, stack(0x0000003446100000,0x0000003446200000)]
  0x0000022c6e81d900 JavaThread "RMI TCP Accept-0" daemon [_thread_in_native, id=16324, stack(0x0000003446200000,0x0000003446300000)]

Other Threads:
  0x0000022c6d6889a0 VMThread "VM Thread" [stack: 0x0000003445600000,0x0000003445700000] [id=32956]
  0x0000022c6e827180 WatcherThread [stack: 0x0000003446300000,0x0000003446400000] [id=29556]
  0x0000022c4ab76010 GCTaskThread "GC Thread#0" [stack: 0x0000003445100000,0x0000003445200000] [id=2960]
  0x0000022c6e8188f0 GCTaskThread "GC Thread#1" [stack: 0x0000003446400000,0x0000003446500000] [id=3060]
  0x0000022c6e848430 GCTaskThread "GC Thread#2" [stack: 0x0000003446500000,0x0000003446600000] [id=14784]
  0x0000022c6e848740 GCTaskThread "GC Thread#3" [stack: 0x0000003446600000,0x0000003446700000] [id=18684]
  0x0000022c6e867cf0 GCTaskThread "GC Thread#4" [stack: 0x0000003446700000,0x0000003446800000] [id=19164]
  0x0000022c6e8a15d0 GCTaskThread "GC Thread#5" [stack: 0x0000003446800000,0x0000003446900000] [id=15004]
  0x0000022c6ef83620 GCTaskThread "GC Thread#6" [stack: 0x0000003446a00000,0x0000003446b00000] [id=19468]
  0x0000022c6ef83930 GCTaskThread "GC Thread#7" [stack: 0x0000003446b00000,0x0000003446c00000] [id=26748]
  0x0000022c4ab86da0 ConcurrentGCThread "G1 Main Marker" [stack: 0x0000003445200000,0x0000003445300000] [id=9136]
  0x0000022c4ab87fb0 ConcurrentGCThread "G1 Conc#0" [stack: 0x0000003445300000,0x0000003445400000] [id=19888]
  0x0000022c6d5544e0 ConcurrentGCThread "G1 Refine#0" [stack: 0x0000003445400000,0x0000003445500000] [id=31456]
  0x0000022c6e88a060 ConcurrentGCThread "G1 Refine#1" [stack: 0x0000003446900000,0x0000003446a00000] [id=24856]
  0x0000022c4abd8fd0 ConcurrentGCThread "G1 Service" [stack: 0x0000003445500000,0x0000003445600000] [id=1344]

Threads with active compile tasks:

VM state: not at safepoint (normal execution)

VM Mutex/Monitor currently owned by a thread:  ([mutex/lock_event])
[0x0000022c4ab1f8f0] MetaspaceExpand_lock - owner thread: 0x0000022c4ab24180

Heap address: 0x0000000702a00000, size: 4054 MB, Compressed Oops mode: Zero based, Oop shift amount: 3

CDS archive(s) mapped at: [0x0000000800000000-0x0000000800bb0000-0x0000000800bb0000), size 12255232, SharedBaseAddress: 0x0000000800000000, ArchiveRelocationMode: 0.
Compressed class space mapped at: 0x0000000800c00000-0x0000000840c00000, reserved size: 1073741824
Narrow klass base: 0x0000000800000000, Narrow klass shift: 3, Narrow klass range: 0x100000000

GC Precious Log:
 CPUs: 8 total, 8 available
 Memory: 16214M
 Large Page Support: Disabled
 NUMA Support: Disabled
 Compressed Oops: Enabled (Zero based)
 Heap Region Size: 2M
 Heap Min Capacity: 8M
 Heap Initial Capacity: 254M
 Heap Max Capacity: 4054M
 Pre-touch: Disabled
 Parallel Workers: 8
 Concurrent Workers: 2
 Concurrent Refinement Workers: 8
 Periodic GC: Disabled

Heap:
 garbage-first heap   total 260096K, used 44065K [0x0000000702a00000, 0x0000000800000000)
  region size 2048K, 19 young (38912K), 2 survivors (4096K)
 Metaspace       used 15397K, committed 15616K, reserved 1064960K
  class space    used 1993K, committed 2112K, reserved 1048576K

Heap Regions: E=young(eden), S=young(survivor), O=old, HS=humongous(starts), HC=humongous(continues), CS=collection set, F=free, OA=open archive, CA=closed archive, TAMS=top-at-mark-start (previous, next)
|   0|0x0000000702a00000, 0x0000000702c00000, 0x0000000702c00000|100%| O|  |TAMS 0x0000000702a00000, 0x0000000702a00000| Untracked 
|   1|0x0000000702c00000, 0x0000000702e00000, 0x0000000702e00000|100%| O|  |TAMS 0x0000000702c00000, 0x0000000702c00000| Untracked 
|   2|0x0000000702e00000, 0x0000000703000000, 0x0000000703000000|100%| O|  |TAMS 0x0000000702e00000, 0x0000000702e00000| Untracked 
|   3|0x0000000703000000, 0x0000000703200000, 0x0000000703200000|100%| O|  |TAMS 0x0000000703000000, 0x0000000703000000| Untracked 
|   4|0x0000000703200000, 0x00000007032c8c00, 0x0000000703400000| 39%| O|  |TAMS 0x0000000703200000, 0x0000000703200000| Untracked 
|   5|0x0000000703400000, 0x0000000703400000, 0x0000000703600000|  0%| F|  |TAMS 0x0000000703400000, 0x0000000703400000| Untracked 
|   6|0x0000000703600000, 0x0000000703600000, 0x0000000703800000|  0%| F|  |TAMS 0x0000000703600000, 0x0000000703600000| Untracked 
|   7|0x0000000703800000, 0x0000000703800000, 0x0000000703a00000|  0%| F|  |TAMS 0x0000000703800000, 0x0000000703800000| Untracked 
|   8|0x0000000703a00000, 0x0000000703a00000, 0x0000000703c00000|  0%| F|  |TAMS 0x0000000703a00000, 0x0000000703a00000| Untracked 
|   9|0x0000000703c00000, 0x0000000703c00000, 0x0000000703e00000|  0%| F|  |TAMS 0x0000000703c00000, 0x0000000703c00000| Untracked 
|  10|0x0000000703e00000, 0x0000000703e00000, 0x0000000704000000|  0%| F|  |TAMS 0x0000000703e00000, 0x0000000703e00000| Untracked 
|  11|0x0000000704000000, 0x0000000704000000, 0x0000000704200000|  0%| F|  |TAMS 0x0000000704000000, 0x0000000704000000| Untracked 
|  12|0x0000000704200000, 0x0000000704200000, 0x0000000704400000|  0%| F|  |TAMS 0x0000000704200000, 0x0000000704200000| Untracked 
|  13|0x0000000704400000, 0x0000000704400000, 0x0000000704600000|  0%| F|  |TAMS 0x0000000704400000, 0x0000000704400000| Untracked 
|  14|0x0000000704600000, 0x0000000704600000, 0x0000000704800000|  0%| F|  |TAMS 0x0000000704600000, 0x0000000704600000| Untracked 
|  15|0x0000000704800000, 0x0000000704800000, 0x0000000704a00000|  0%| F|  |TAMS 0x0000000704800000, 0x0000000704800000| Untracked 
|  16|0x0000000704a00000, 0x0000000704a00000, 0x0000000704c00000|  0%| F|  |TAMS 0x0000000704a00000, 0x0000000704a00000| Untracked 
|  17|0x0000000704c00000, 0x0000000704c00000, 0x0000000704e00000|  0%| F|  |TAMS 0x0000000704c00000, 0x0000000704c00000| Untracked 
|  18|0x0000000704e00000, 0x0000000704e00000, 0x0000000705000000|  0%| F|  |TAMS 0x0000000704e00000, 0x0000000704e00000| Untracked 
|  19|0x0000000705000000, 0x0000000705000000, 0x0000000705200000|  0%| F|  |TAMS 0x0000000705000000, 0x0000000705000000| Untracked 
|  20|0x0000000705200000, 0x0000000705200000, 0x0000000705400000|  0%| F|  |TAMS 0x0000000705200000, 0x0000000705200000| Untracked 
|  21|0x0000000705400000, 0x0000000705400000, 0x0000000705600000|  0%| F|  |TAMS 0x0000000705400000, 0x0000000705400000| Untracked 
|  22|0x0000000705600000, 0x0000000705600000, 0x0000000705800000|  0%| F|  |TAMS 0x0000000705600000, 0x0000000705600000| Untracked 
|  23|0x0000000705800000, 0x0000000705800000, 0x0000000705a00000|  0%| F|  |TAMS 0x0000000705800000, 0x0000000705800000| Untracked 
|  24|0x0000000705a00000, 0x0000000705a00000, 0x0000000705c00000|  0%| F|  |TAMS 0x0000000705a00000, 0x0000000705a00000| Untracked 
|  25|0x0000000705c00000, 0x0000000705c00000, 0x0000000705e00000|  0%| F|  |TAMS 0x0000000705c00000, 0x0000000705c00000| Untracked 
|  26|0x0000000705e00000, 0x0000000705e00000, 0x0000000706000000|  0%| F|  |TAMS 0x0000000705e00000, 0x0000000705e00000| Untracked 
|  27|0x0000000706000000, 0x0000000706000000, 0x0000000706200000|  0%| F|  |TAMS 0x0000000706000000, 0x0000000706000000| Untracked 
|  28|0x0000000706200000, 0x0000000706200000, 0x0000000706400000|  0%| F|  |TAMS 0x0000000706200000, 0x0000000706200000| Untracked 
|  29|0x0000000706400000, 0x0000000706400000, 0x0000000706600000|  0%| F|  |TAMS 0x0000000706400000, 0x0000000706400000| Untracked 
|  30|0x0000000706600000, 0x0000000706600000, 0x0000000706800000|  0%| F|  |TAMS 0x0000000706600000, 0x0000000706600000| Untracked 
|  31|0x0000000706800000, 0x0000000706800000, 0x0000000706a00000|  0%| F|  |TAMS 0x0000000706800000, 0x0000000706800000| Untracked 
|  32|0x0000000706a00000, 0x0000000706a00000, 0x0000000706c00000|  0%| F|  |TAMS 0x0000000706a00000, 0x0000000706a00000| Untracked 
|  33|0x0000000706c00000, 0x0000000706c00000, 0x0000000706e00000|  0%| F|  |TAMS 0x0000000706c00000, 0x0000000706c00000| Untracked 
|  34|0x0000000706e00000, 0x0000000706e00000, 0x0000000707000000|  0%| F|  |TAMS 0x0000000706e00000, 0x0000000706e00000| Untracked 
|  35|0x0000000707000000, 0x0000000707000000, 0x0000000707200000|  0%| F|  |TAMS 0x0000000707000000, 0x0000000707000000| Untracked 
|  36|0x0000000707200000, 0x0000000707200000, 0x0000000707400000|  0%| F|  |TAMS 0x0000000707200000, 0x0000000707200000| Untracked 
|  37|0x0000000707400000, 0x0000000707400000, 0x0000000707600000|  0%| F|  |TAMS 0x0000000707400000, 0x0000000707400000| Untracked 
|  38|0x0000000707600000, 0x0000000707600000, 0x0000000707800000|  0%| F|  |TAMS 0x0000000707600000, 0x0000000707600000| Untracked 
|  39|0x0000000707800000, 0x0000000707800000, 0x0000000707a00000|  0%| F|  |TAMS 0x0000000707800000, 0x0000000707800000| Untracked 
|  40|0x0000000707a00000, 0x0000000707a00000, 0x0000000707c00000|  0%| F|  |TAMS 0x0000000707a00000, 0x0000000707a00000| Untracked 
|  41|0x0000000707c00000, 0x0000000707c00000, 0x0000000707e00000|  0%| F|  |TAMS 0x0000000707c00000, 0x0000000707c00000| Untracked 
|  42|0x0000000707e00000, 0x0000000707e00000, 0x0000000708000000|  0%| F|  |TAMS 0x0000000707e00000, 0x0000000707e00000| Untracked 
|  43|0x0000000708000000, 0x0000000708000000, 0x0000000708200000|  0%| F|  |TAMS 0x0000000708000000, 0x0000000708000000| Untracked 
|  44|0x0000000708200000, 0x0000000708200000, 0x0000000708400000|  0%| F|  |TAMS 0x0000000708200000, 0x0000000708200000| Untracked 
|  45|0x0000000708400000, 0x0000000708400000, 0x0000000708600000|  0%| F|  |TAMS 0x0000000708400000, 0x0000000708400000| Untracked 
|  46|0x0000000708600000, 0x0000000708600000, 0x0000000708800000|  0%| F|  |TAMS 0x0000000708600000, 0x0000000708600000| Untracked 
|  47|0x0000000708800000, 0x0000000708800000, 0x0000000708a00000|  0%| F|  |TAMS 0x0000000708800000, 0x0000000708800000| Untracked 
|  48|0x0000000708a00000, 0x0000000708a00000, 0x0000000708c00000|  0%| F|  |TAMS 0x0000000708a00000, 0x0000000708a00000| Untracked 
|  49|0x0000000708c00000, 0x0000000708c00000, 0x0000000708e00000|  0%| F|  |TAMS 0x0000000708c00000, 0x0000000708c00000| Untracked 
|  50|0x0000000708e00000, 0x0000000708e00000, 0x0000000709000000|  0%| F|  |TAMS 0x0000000708e00000, 0x0000000708e00000| Untracked 
|  51|0x0000000709000000, 0x0000000709000000, 0x0000000709200000|  0%| F|  |TAMS 0x0000000709000000, 0x0000000709000000| Untracked 
|  52|0x0000000709200000, 0x0000000709200000, 0x0000000709400000|  0%| F|  |TAMS 0x0000000709200000, 0x0000000709200000| Untracked 
|  53|0x0000000709400000, 0x0000000709400000, 0x0000000709600000|  0%| F|  |TAMS 0x0000000709400000, 0x0000000709400000| Untracked 
|  54|0x0000000709600000, 0x0000000709600000, 0x0000000709800000|  0%| F|  |TAMS 0x0000000709600000, 0x0000000709600000| Untracked 
|  55|0x0000000709800000, 0x0000000709800000, 0x0000000709a00000|  0%| F|  |TAMS 0x0000000709800000, 0x0000000709800000| Untracked 
|  56|0x0000000709a00000, 0x0000000709a00000, 0x0000000709c00000|  0%| F|  |TAMS 0x0000000709a00000, 0x0000000709a00000| Untracked 
|  57|0x0000000709c00000, 0x0000000709c00000, 0x0000000709e00000|  0%| F|  |TAMS 0x0000000709c00000, 0x0000000709c00000| Untracked 
|  58|0x0000000709e00000, 0x0000000709e00000, 0x000000070a000000|  0%| F|  |TAMS 0x0000000709e00000, 0x0000000709e00000| Untracked 
|  59|0x000000070a000000, 0x000000070a000000, 0x000000070a200000|  0%| F|  |TAMS 0x000000070a000000, 0x000000070a000000| Untracked 
|  60|0x000000070a200000, 0x000000070a200000, 0x000000070a400000|  0%| F|  |TAMS 0x000000070a200000, 0x000000070a200000| Untracked 
|  61|0x000000070a400000, 0x000000070a400000, 0x000000070a600000|  0%| F|  |TAMS 0x000000070a400000, 0x000000070a400000| Untracked 
|  62|0x000000070a600000, 0x000000070a600000, 0x000000070a800000|  0%| F|  |TAMS 0x000000070a600000, 0x000000070a600000| Untracked 
|  63|0x000000070a800000, 0x000000070a800000, 0x000000070aa00000|  0%| F|  |TAMS 0x000000070a800000, 0x000000070a800000| Untracked 
|  64|0x000000070aa00000, 0x000000070aa00000, 0x000000070ac00000|  0%| F|  |TAMS 0x000000070aa00000, 0x000000070aa00000| Untracked 
|  65|0x000000070ac00000, 0x000000070ac00000, 0x000000070ae00000|  0%| F|  |TAMS 0x000000070ac00000, 0x000000070ac00000| Untracked 
|  66|0x000000070ae00000, 0x000000070ae00000, 0x000000070b000000|  0%| F|  |TAMS 0x000000070ae00000, 0x000000070ae00000| Untracked 
|  67|0x000000070b000000, 0x000000070b000000, 0x000000070b200000|  0%| F|  |TAMS 0x000000070b000000, 0x000000070b000000| Untracked 
|  68|0x000000070b200000, 0x000000070b200000, 0x000000070b400000|  0%| F|  |TAMS 0x000000070b200000, 0x000000070b200000| Untracked 
|  69|0x000000070b400000, 0x000000070b400000, 0x000000070b600000|  0%| F|  |TAMS 0x000000070b400000, 0x000000070b400000| Untracked 
|  70|0x000000070b600000, 0x000000070b600000, 0x000000070b800000|  0%| F|  |TAMS 0x000000070b600000, 0x000000070b600000| Untracked 
|  71|0x000000070b800000, 0x000000070b800000, 0x000000070ba00000|  0%| F|  |TAMS 0x000000070b800000, 0x000000070b800000| Untracked 
|  72|0x000000070ba00000, 0x000000070ba00000, 0x000000070bc00000|  0%| F|  |TAMS 0x000000070ba00000, 0x000000070ba00000| Untracked 
|  73|0x000000070bc00000, 0x000000070bc00000, 0x000000070be00000|  0%| F|  |TAMS 0x000000070bc00000, 0x000000070bc00000| Untracked 
|  74|0x000000070be00000, 0x000000070be00000, 0x000000070c000000|  0%| F|  |TAMS 0x000000070be00000, 0x000000070be00000| Untracked 
|  75|0x000000070c000000, 0x000000070c000000, 0x000000070c200000|  0%| F|  |TAMS 0x000000070c000000, 0x000000070c000000| Untracked 
|  76|0x000000070c200000, 0x000000070c200000, 0x000000070c400000|  0%| F|  |TAMS 0x000000070c200000, 0x000000070c200000| Untracked 
|  77|0x000000070c400000, 0x000000070c400000, 0x000000070c600000|  0%| F|  |TAMS 0x000000070c400000, 0x000000070c400000| Untracked 
|  78|0x000000070c600000, 0x000000070c600000, 0x000000070c800000|  0%| F|  |TAMS 0x000000070c600000, 0x000000070c600000| Untracked 
|  79|0x000000070c800000, 0x000000070c800000, 0x000000070ca00000|  0%| F|  |TAMS 0x000000070c800000, 0x000000070c800000| Untracked 
|  80|0x000000070ca00000, 0x000000070ca00000, 0x000000070cc00000|  0%| F|  |TAMS 0x000000070ca00000, 0x000000070ca00000| Untracked 
|  81|0x000000070cc00000, 0x000000070cc00000, 0x000000070ce00000|  0%| F|  |TAMS 0x000000070cc00000, 0x000000070cc00000| Untracked 
|  82|0x000000070ce00000, 0x000000070ce00000, 0x000000070d000000|  0%| F|  |TAMS 0x000000070ce00000, 0x000000070ce00000| Untracked 
|  83|0x000000070d000000, 0x000000070d000000, 0x000000070d200000|  0%| F|  |TAMS 0x000000070d000000, 0x000000070d000000| Untracked 
|  84|0x000000070d200000, 0x000000070d200000, 0x000000070d400000|  0%| F|  |TAMS 0x000000070d200000, 0x000000070d200000| Untracked 
|  85|0x000000070d400000, 0x000000070d400000, 0x000000070d600000|  0%| F|  |TAMS 0x000000070d400000, 0x000000070d400000| Untracked 
|  86|0x000000070d600000, 0x000000070d600000, 0x000000070d800000|  0%| F|  |TAMS 0x000000070d600000, 0x000000070d600000| Untracked 
|  87|0x000000070d800000, 0x000000070d800000, 0x000000070da00000|  0%| F|  |TAMS 0x000000070d800000, 0x000000070d800000| Untracked 
|  88|0x000000070da00000, 0x000000070da00000, 0x000000070dc00000|  0%| F|  |TAMS 0x000000070da00000, 0x000000070da00000| Untracked 
|  89|0x000000070dc00000, 0x000000070dc00000, 0x000000070de00000|  0%| F|  |TAMS 0x000000070dc00000, 0x000000070dc00000| Untracked 
|  90|0x000000070de00000, 0x000000070de00000, 0x000000070e000000|  0%| F|  |TAMS 0x000000070de00000, 0x000000070de00000| Untracked 
|  91|0x000000070e000000, 0x000000070e000000, 0x000000070e200000|  0%| F|  |TAMS 0x000000070e000000, 0x000000070e000000| Untracked 
|  92|0x000000070e200000, 0x000000070e200000, 0x000000070e400000|  0%| F|  |TAMS 0x000000070e200000, 0x000000070e200000| Untracked 
|  93|0x000000070e400000, 0x000000070e400000, 0x000000070e600000|  0%| F|  |TAMS 0x000000070e400000, 0x000000070e400000| Untracked 
|  94|0x000000070e600000, 0x000000070e600000, 0x000000070e800000|  0%| F|  |TAMS 0x000000070e600000, 0x000000070e600000| Untracked 
|  95|0x000000070e800000, 0x000000070e800000, 0x000000070ea00000|  0%| F|  |TAMS 0x000000070e800000, 0x000000070e800000| Untracked 
|  96|0x000000070ea00000, 0x000000070ea00000, 0x000000070ec00000|  0%| F|  |TAMS 0x000000070ea00000, 0x000000070ea00000| Untracked 
|  97|0x000000070ec00000, 0x000000070ec00000, 0x000000070ee00000|  0%| F|  |TAMS 0x000000070ec00000, 0x000000070ec00000| Untracked 
|  98|0x000000070ee00000, 0x000000070ee00000, 0x000000070f000000|  0%| F|  |TAMS 0x000000070ee00000, 0x000000070ee00000| Untracked 
|  99|0x000000070f000000, 0x000000070f000000, 0x000000070f200000|  0%| F|  |TAMS 0x000000070f000000, 0x000000070f000000| Untracked 
| 100|0x000000070f200000, 0x000000070f200000, 0x000000070f400000|  0%| F|  |TAMS 0x000000070f200000, 0x000000070f200000| Untracked 
| 101|0x000000070f400000, 0x000000070f400000, 0x000000070f600000|  0%| F|  |TAMS 0x000000070f400000, 0x000000070f400000| Untracked 
| 102|0x000000070f600000, 0x000000070f600000, 0x000000070f800000|  0%| F|  |TAMS 0x000000070f600000, 0x000000070f600000| Untracked 
| 103|0x000000070f800000, 0x000000070f800000, 0x000000070fa00000|  0%| F|  |TAMS 0x000000070f800000, 0x000000070f800000| Untracked 
| 104|0x000000070fa00000, 0x000000070fa00000, 0x000000070fc00000|  0%| F|  |TAMS 0x000000070fa00000, 0x000000070fa00000| Untracked 
| 105|0x000000070fc00000, 0x000000070fc00000, 0x000000070fe00000|  0%| F|  |TAMS 0x000000070fc00000, 0x000000070fc00000| Untracked 
| 106|0x000000070fe00000, 0x000000070fe00000, 0x0000000710000000|  0%| F|  |TAMS 0x000000070fe00000, 0x000000070fe00000| Untracked 
| 107|0x0000000710000000, 0x0000000710000000, 0x0000000710200000|  0%| F|  |TAMS 0x0000000710000000, 0x0000000710000000| Untracked 
| 108|0x0000000710200000, 0x000000071038c510, 0x0000000710400000| 77%| E|  |TAMS 0x0000000710200000, 0x0000000710200000| Complete 
| 109|0x0000000710400000, 0x0000000710600000, 0x0000000710600000|100%| E|CS|TAMS 0x0000000710400000, 0x0000000710400000| Complete 
| 110|0x0000000710600000, 0x0000000710800000, 0x0000000710800000|100%| E|CS|TAMS 0x0000000710600000, 0x0000000710600000| Complete 
| 111|0x0000000710800000, 0x0000000710a00000, 0x0000000710a00000|100%| E|CS|TAMS 0x0000000710800000, 0x0000000710800000| Complete 
| 112|0x0000000710a00000, 0x0000000710c00000, 0x0000000710c00000|100%| E|CS|TAMS 0x0000000710a00000, 0x0000000710a00000| Complete 
| 113|0x0000000710c00000, 0x0000000710c3f980, 0x0000000710e00000| 12%| S|CS|TAMS 0x0000000710c00000, 0x0000000710c00000| Complete 
| 114|0x0000000710e00000, 0x0000000711000000, 0x0000000711000000|100%| E|CS|TAMS 0x0000000710e00000, 0x0000000710e00000| Complete 
| 115|0x0000000711000000, 0x0000000711200000, 0x0000000711200000|100%| E|CS|TAMS 0x0000000711000000, 0x0000000711000000| Complete 
| 116|0x0000000711200000, 0x0000000711400000, 0x0000000711400000|100%| S|CS|TAMS 0x0000000711200000, 0x0000000711200000| Complete 
| 117|0x0000000711400000, 0x0000000711600000, 0x0000000711600000|100%| E|CS|TAMS 0x0000000711400000, 0x0000000711400000| Complete 
| 118|0x0000000711600000, 0x0000000711800000, 0x0000000711800000|100%| E|CS|TAMS 0x0000000711600000, 0x0000000711600000| Complete 
| 119|0x0000000711800000, 0x0000000711a00000, 0x0000000711a00000|100%| E|CS|TAMS 0x0000000711800000, 0x0000000711800000| Complete 
| 120|0x0000000711a00000, 0x0000000711c00000, 0x0000000711c00000|100%| E|CS|TAMS 0x0000000711a00000, 0x0000000711a00000| Complete 
| 121|0x0000000711c00000, 0x0000000711e00000, 0x0000000711e00000|100%| E|CS|TAMS 0x0000000711c00000, 0x0000000711c00000| Complete 
| 122|0x0000000711e00000, 0x0000000712000000, 0x0000000712000000|100%| E|CS|TAMS 0x0000000711e00000, 0x0000000711e00000| Complete 
| 123|0x0000000712000000, 0x0000000712200000, 0x0000000712200000|100%| E|CS|TAMS 0x0000000712000000, 0x0000000712000000| Complete 
| 124|0x0000000712200000, 0x0000000712400000, 0x0000000712400000|100%| E|CS|TAMS 0x0000000712200000, 0x0000000712200000| Complete 
| 125|0x0000000712400000, 0x0000000712600000, 0x0000000712600000|100%| E|CS|TAMS 0x0000000712400000, 0x0000000712400000| Complete 
| 126|0x0000000712600000, 0x0000000712800000, 0x0000000712800000|100%| E|CS|TAMS 0x0000000712600000, 0x0000000712600000| Complete 

Card table byte_map: [0x0000022c61db0000,0x0000022c625a0000] _byte_map_base: 0x0000022c5e59b000

Marking Bits (Prev, Next): (CMBitMap*) 0x0000022c4ab76680, (CMBitMap*) 0x0000022c4ab766c0
 Prev Bits: [0x0000022c62d90000, 0x0000022c66ce8000)
 Next Bits: [0x0000022c66cf0000, 0x0000022c6ac48000)

Polling page: 0x0000022c48a50000

Metaspace:

Usage:
  Non-class:     13.09 MB used.
      Class:      1.95 MB used.
       Both:     15.04 MB used.

Virtual space:
  Non-class space:       16.00 MB reserved,      13.19 MB ( 82%) committed,  2 nodes.
      Class space:        1.00 GB reserved,       2.06 MB ( <1%) committed,  1 nodes.
              Both:        1.02 GB reserved,      15.25 MB (  1%) committed. 

Chunk freelists:
   Non-Class:  2.61 MB
       Class:  1.95 MB
        Both:  4.56 MB

MaxMetaspaceSize: 17179869184.00 GB
CompressedClassSpaceSize: 1.00 GB
 - commit_granule_bytes: 65536.
 - commit_granule_words: 8192.
 - virtual_space_node_default_size: 1048576.
 - enlarge_chunks_in_place: 1.
 - new_chunks_are_fully_committed: 0.
 - uncommit_free_chunks: 1.
 - use_allocation_guard: 0.
 - handle_deallocations: 1.


Internal statistics:

num_allocs_failed_limit: 0.
num_arena_births: 238.
num_arena_deaths: 0.
num_vsnodes_births: 3.
num_vsnodes_deaths: 0.
num_space_committed: 244.
num_space_uncommitted: 0.
num_chunks_returned_to_freelist: 0.
num_chunks_taken_from_freelist: 675.
num_chunk_merges: 0.
num_chunk_splits: 459.
num_chunks_enlarged: 359.
num_purges: 0.

CodeHeap 'non-profiled nmethods': size=238336Kb used=3327Kb max_used=3327Kb free=235008Kb
 bounds [0x0000022c529d0000, 0x0000022c52d10000, 0x0000022c61290000]
CodeHeap 'non-nmethods': size=7424Kb used=1208Kb max_used=1208Kb free=6215Kb
 bounds [0x0000022c52290000, 0x0000022c52500000, 0x0000022c529d0000]
 total_blobs=2678 nmethods=2171 adapters=434
 compilation: enabled
              stopped_count=0, restarted_count=0
 full_count=0

Compilation events (20 events):
Event: 0.990 Thread 0x0000022c6d6ae900 2162       1       org.springframework.util.ConcurrentReferenceHashMap$Segment::lambda$doTask$0 (43 bytes)
Event: 0.990 Thread 0x0000022c6d6ae900 nmethod 2162 0x0000022c52d0c410 code [0x0000022c52d0c5c0, 0x0000022c52d0c928]
Event: 0.990 Thread 0x0000022c6d6ae900 2163       1       org.springframework.util.ConcurrentReferenceHashMap$Entry::<init> (15 bytes)
Event: 0.990 Thread 0x0000022c6d6ae900 nmethod 2163 0x0000022c52d0cb10 code [0x0000022c52d0cca0, 0x0000022c52d0ce18]
Event: 0.991 Thread 0x0000022c6d6ae900 2164       1       java.lang.reflect.Constructor::copy (72 bytes)
Event: 0.991 Thread 0x0000022c6d6ae900 nmethod 2164 0x0000022c52d0ce90 code [0x0000022c52d0d060, 0x0000022c52d0d3b8]
Event: 0.992 Thread 0x0000022c6d6ae900 2165       1       java.util.LinkedHashMap::getOrDefault (29 bytes)
Event: 0.992 Thread 0x0000022c6d6ae900 nmethod 2165 0x0000022c52d0d490 code [0x0000022c52d0d640, 0x0000022c52d0d7b8]
Event: 0.993 Thread 0x0000022c6d6ae900 2166       1       java.util.ArrayDeque::addLast (51 bytes)
Event: 0.993 Thread 0x0000022c6d6ae900 nmethod 2166 0x0000022c52d0d890 code [0x0000022c52d0da60, 0x0000022c52d0dd38]
Event: 0.998 Thread 0x0000022c6d6ae900 2167 %     1       java.util.Properties::load0 @ 29 (249 bytes)
Event: 0.998 Thread 0x0000022c6d6ae900 nmethod 2167% 0x0000022c52d0de90 code [0x0000022c52d0e080, 0x0000022c52d0e588]
Event: 0.998 Thread 0x0000022c6d6ae900 2168       1       java.util.Properties::load0 (249 bytes)
Event: 0.999 Thread 0x0000022c6d6ae900 nmethod 2168 0x0000022c52d0e890 code [0x0000022c52d0ea80, 0x0000022c52d0ee68]
Event: 0.999 Thread 0x0000022c6d6ae900 2169       1       java.util.concurrent.ConcurrentHashMap$EntryIterator::next (5 bytes)
Event: 0.999 Thread 0x0000022c6d6ae900 nmethod 2169 0x0000022c52d0f110 code [0x0000022c52d0f2a0, 0x0000022c52d0f388]
Event: 0.999 Thread 0x0000022c6d6ae900 2170       1       java.util.concurrent.ConcurrentHashMap$EntryIterator::next (51 bytes)
Event: 0.999 Thread 0x0000022c6d6ae900 nmethod 2170 0x0000022c52d0f410 code [0x0000022c52d0f5e0, 0x0000022c52d0f978]
Event: 0.999 Thread 0x0000022c6d6ae900 2171       1       java.util.concurrent.ConcurrentHashMap$MapEntry::<init> (20 bytes)
Event: 0.999 Thread 0x0000022c6d6ae900 nmethod 2171 0x0000022c52d0fa90 code [0x0000022c52d0fc20, 0x0000022c52d0fe18]

GC Heap History (4 events):
Event: 0.448 GC heap before
{Heap before GC invocations=0 (full 0):
 garbage-first heap   total 260096K, used 20480K [0x0000000702a00000, 0x0000000800000000)
  region size 2048K, 11 young (22528K), 0 survivors (0K)
 Metaspace       used 4401K, committed 4672K, reserved 1056768K
  class space    used 508K, committed 640K, reserved 1048576K
}
Event: 0.452 GC heap after
{Heap after GC invocations=1 (full 0):
 garbage-first heap   total 260096K, used 8867K [0x0000000702a00000, 0x0000000800000000)
  region size 2048K, 2 young (4096K), 2 survivors (4096K)
 Metaspace       used 4401K, committed 4672K, reserved 1056768K
  class space    used 508K, committed 640K, reserved 1048576K
}
Event: 0.718 GC heap before
{Heap before GC invocations=1 (full 0):
 garbage-first heap   total 260096K, used 29347K [0x0000000702a00000, 0x0000000800000000)
  region size 2048K, 12 young (24576K), 2 survivors (4096K)
 Metaspace       used 8861K, committed 9152K, reserved 1064960K
  class space    used 1120K, committed 1280K, reserved 1048576K
}
Event: 0.720 GC heap after
{Heap after GC invocations=2 (full 0):
 garbage-first heap   total 260096K, used 11297K [0x0000000702a00000, 0x0000000800000000)
  region size 2048K, 2 young (4096K), 2 survivors (4096K)
 Metaspace       used 8861K, committed 9152K, reserved 1064960K
  class space    used 1120K, committed 1280K, reserved 1048576K
}

Deoptimization events (0 events):
No events

Classes unloaded (0 events):
No events

Classes redefined (0 events):
No events

Internal exceptions (20 events):
Event: 0.910 Thread 0x0000022c6efeea50 Exception <a 'java/lang/NoSuchMethodError'{0x0000000710b7d4f8}: 'long java.lang.invoke.DirectMethodHandle$Holder.invokeStatic(java.lang.Object, java.lang.Object)'> (0x0000000710b7d4f8) 
thrown [t:\workspace\open\src\hotspot\share\interpreter\linkResolver.cpp, line 790]
Event: 0.910 Thread 0x0000022c6efeea50 Exception <a 'java/lang/NoSuchMethodError'{0x0000000710b80cd8}: 'long java.lang.invoke.DirectMethodHandle$Holder.invokeStaticInit(java.lang.Object, java.lang.Object)'> (0x0000000710b80cd8) 
thrown [t:\workspace\open\src\hotspot\share\interpreter\linkResolver.cpp, line 790]
Event: 0.912 Thread 0x0000022c6efeea50 Exception <a 'java/lang/NoSuchMethodError'{0x0000000710bb05b8}: 'long java.lang.invoke.DirectMethodHandle$Holder.invokeInterface(java.lang.Object, java.lang.Object)'> (0x0000000710bb05b8) 
thrown [t:\workspace\open\src\hotspot\share\interpreter\linkResolver.cpp, line 790]
Event: 0.912 Thread 0x0000022c6efeea50 Exception <a 'java/lang/IncompatibleClassChangeError'{0x0000000710bb3d18}: Found class java.lang.Object, but interface was expected> (0x0000000710bb3d18) 
thrown [t:\workspace\open\src\hotspot\share\interpreter\linkResolver.cpp, line 857]
Event: 0.916 Thread 0x0000022c4ab24180 Exception <a 'java/lang/ClassNotFoundException'{0x000000071084d998}: java/lang/ObjectCustomizer> (0x000000071084d998) 
thrown [t:\workspace\open\src\hotspot\share\classfile\systemDictionary.cpp, line 256]
Event: 0.918 Thread 0x0000022c4ab24180 Exception <a 'java/lang/IncompatibleClassChangeError'{0x0000000710852698}: Found class java.lang.Object, but interface was expected> (0x0000000710852698) 
thrown [t:\workspace\open\src\hotspot\share\interpreter\linkResolver.cpp, line 857]
Event: 0.918 Thread 0x0000022c6efeea50 Exception <a 'java/lang/NoSuchMethodError'{0x0000000710924cd8}: 'java.lang.Object java.lang.invoke.DirectMethodHandle$Holder.invokeVirtual(java.lang.Object, java.lang.Object, java.lang.Object, java.lang.Object)'> (0x0000000710924cd8) 
thrown [t:\workspace\open\src\hotspot\share\interpreter\linkResolver.cpp, line 790]
Event: 0.920 Thread 0x0000022c4ab24180 Exception <a 'java/lang/ClassNotFoundException'{0x000000071086aa50}: org/springframework/context/annotation/ConfigurationClassPostProcessorCustomizer> (0x000000071086aa50) 
thrown [t:\workspace\open\src\hotspot\share\classfile\systemDictionary.cpp, line 256]
Event: 0.922 Thread 0x0000022c4ab24180 Exception <a 'java/lang/ClassNotFoundException'{0x0000000710893ec8}: org/springframework/beans/factory/support/BeanDefinitionRegistryPostProcessorCustomizer> (0x0000000710893ec8) 
thrown [t:\workspace\open\src\hotspot\share\classfile\systemDictionary.cpp, line 256]
Event: 0.922 Thread 0x0000022c4ab24180 Exception <a 'java/lang/ClassNotFoundException'{0x000000071089d3c0}: org/springframework/beans/factory/config/BeanFactoryPostProcessorCustomizer> (0x000000071089d3c0) 
thrown [t:\workspace\open\src\hotspot\share\classfile\systemDictionary.cpp, line 256]
Event: 0.923 Thread 0x0000022c4ab24180 Exception <a 'java/lang/ClassNotFoundException'{0x00000007108a5ec8}: org/springframework/core/PriorityOrderedCustomizer> (0x00000007108a5ec8) 
thrown [t:\workspace\open\src\hotspot\share\classfile\systemDictionary.cpp, line 256]
Event: 0.923 Thread 0x0000022c4ab24180 Exception <a 'java/lang/ClassNotFoundException'{0x00000007108ad3a8}: org/springframework/core/OrderedCustomizer> (0x00000007108ad3a8) 
thrown [t:\workspace\open\src\hotspot\share\classfile\systemDictionary.cpp, line 256]
Event: 0.923 Thread 0x0000022c4ab24180 Exception <a 'java/lang/ClassNotFoundException'{0x00000007108b5fe0}: org/springframework/context/ResourceLoaderAwareCustomizer> (0x00000007108b5fe0) 
thrown [t:\workspace\open\src\hotspot\share\classfile\systemDictionary.cpp, line 256]
Event: 0.923 Thread 0x0000022c4ab24180 Exception <a 'java/lang/ClassNotFoundException'{0x00000007108beb40}: org/springframework/beans/factory/AwareCustomizer> (0x00000007108beb40) 
thrown [t:\workspace\open\src\hotspot\share\classfile\systemDictionary.cpp, line 256]
Event: 0.924 Thread 0x0000022c4ab24180 Exception <a 'java/lang/ClassNotFoundException'{0x00000007108c6888}: org/springframework/context/ApplicationStartupAwareCustomizer> (0x00000007108c6888) 
thrown [t:\workspace\open\src\hotspot\share\classfile\systemDictionary.cpp, line 256]
Event: 0.924 Thread 0x0000022c4ab24180 Exception <a 'java/lang/ClassNotFoundException'{0x00000007108cf660}: org/springframework/beans/factory/AwareCustomizer> (0x00000007108cf660) 
thrown [t:\workspace\open\src\hotspot\share\classfile\systemDictionary.cpp, line 256]
Event: 0.924 Thread 0x0000022c4ab24180 Exception <a 'java/lang/ClassNotFoundException'{0x00000007108d76d0}: org/springframework/beans/factory/BeanClassLoaderAwareCustomizer> (0x00000007108d76d0) 
thrown [t:\workspace\open\src\hotspot\share\classfile\systemDictionary.cpp, line 256]
Event: 0.924 Thread 0x0000022c4ab24180 Exception <a 'java/lang/ClassNotFoundException'{0x00000007108e0248}: org/springframework/beans/factory/AwareCustomizer> (0x00000007108e0248) 
thrown [t:\workspace\open\src\hotspot\share\classfile\systemDictionary.cpp, line 256]
Event: 0.925 Thread 0x0000022c4ab24180 Exception <a 'java/lang/ClassNotFoundException'{0x00000007108e7b68}: org/springframework/context/EnvironmentAwareCustomizer> (0x00000007108e7b68) 
thrown [t:\workspace\open\src\hotspot\share\classfile\systemDictionary.cpp, line 256]
Event: 0.925 Thread 0x0000022c4ab24180 Exception <a 'java/lang/ClassNotFoundException'{0x00000007108f0658}: org/springframework/beans/factory/AwareCustomizer> (0x00000007108f0658) 
thrown [t:\workspace\open\src\hotspot\share\classfile\systemDictionary.cpp, line 256]

Events (20 events):
Event: 0.919 loading class java/beans/BeanProperty done
Event: 0.919 loading class jdk/internal/vm/annotation/IntrinsicCandidate
Event: 0.919 loading class jdk/internal/vm/annotation/IntrinsicCandidate done
Event: 0.919 loading class com/sun/beans/introspect/PropertyInfo$Name
Event: 0.919 loading class com/sun/beans/introspect/PropertyInfo$Name done
Event: 0.919 loading class java/beans/IndexedPropertyDescriptor
Event: 0.920 loading class java/beans/IndexedPropertyDescriptor done
Event: 0.920 loading class java/beans/GenericBeanInfo
Event: 0.920 loading class java/beans/SimpleBeanInfo
Event: 0.920 loading class java/beans/SimpleBeanInfo done
Event: 0.920 loading class java/beans/GenericBeanInfo done
Event: 0.920 loading class java/util/Hashtable$EntrySet
Event: 0.920 loading class java/util/Hashtable$EntrySet done
Event: 0.921 loading class java/util/AbstractList$ListItr
Event: 0.922 loading class java/util/AbstractList$ListItr done
Event: 0.922 Thread 0x0000022c6efeea50 Thread exited: 0x0000022c6efeea50
Event: 0.931 Executing  VM operation: HandshakeAllThreads
Event: 0.931 Executing  VM operation: HandshakeAllThreads done
Event: 0.938 loading class java/util/regex/Pattern$LazyLoop
Event: 0.938 loading class java/util/regex/Pattern$LazyLoop done


Dynamic libraries:
0x00007ff76e210000 - 0x00007ff76e220000 	D:\JAVA\JDK\bin\java.exe
0x00007ffe22a30000 - 0x00007ffe22c25000 	C:\WINDOWS\SYSTEM32\ntdll.dll
0x00007ffe21150000 - 0x00007ffe2120e000 	C:\WINDOWS\System32\KERNEL32.DLL
0x00007ffe203d0000 - 0x00007ffe20698000 	C:\WINDOWS\System32\KERNELBASE.dll
0x00007ffe20960000 - 0x00007ffe20a60000 	C:\WINDOWS\System32\ucrtbase.dll
0x00007ffe033b0000 - 0x00007ffe033c9000 	D:\JAVA\JDK\bin\VCRUNTIME140.dll
0x00007ffe03400000 - 0x00007ffe03418000 	D:\JAVA\JDK\bin\jli.dll
0x00007ffe21c70000 - 0x00007ffe21d1e000 	C:\WINDOWS\System32\ADVAPI32.dll
0x00007ffe22950000 - 0x00007ffe229ee000 	C:\WINDOWS\System32\msvcrt.dll
0x00007ffe21e60000 - 0x00007ffe21efc000 	C:\WINDOWS\System32\sechost.dll
0x00007ffe21210000 - 0x00007ffe21335000 	C:\WINDOWS\System32\RPCRT4.dll
0x00007ffe21fe0000 - 0x00007ffe22180000 	C:\WINDOWS\System32\USER32.dll
0x00007ffe201f0000 - 0x00007ffe20212000 	C:\WINDOWS\System32\win32u.dll
0x00007ffe21af0000 - 0x00007ffe21b1a000 	C:\WINDOWS\System32\GDI32.dll
0x00007ffe20850000 - 0x00007ffe2095b000 	C:\WINDOWS\System32\gdi32full.dll
0x00007ffe08870000 - 0x00007ffe08b0a000 	C:\WINDOWS\WinSxS\amd64_microsoft.windows.common-controls_6595b64144ccf1df_6.0.19041.1110_none_60b5254171f9507e\COMCTL32.dll
0x00007ffe20150000 - 0x00007ffe201ed000 	C:\WINDOWS\System32\msvcp_win.dll
0x00007ffe17980000 - 0x00007ffe1798a000 	C:\WINDOWS\SYSTEM32\VERSION.dll
0x00007ffe21f00000 - 0x00007ffe21f30000 	C:\WINDOWS\System32\IMM32.DLL
0x00007ffe0ef40000 - 0x00007ffe0ef4c000 	D:\JAVA\JDK\bin\vcruntime140_1.dll
0x00007ffded990000 - 0x00007ffdeda21000 	D:\JAVA\JDK\bin\msvcp140.dll
0x00007ffdaf570000 - 0x00007ffdb011b000 	D:\JAVA\JDK\bin\server\jvm.dll
0x00007ffe21d30000 - 0x00007ffe21d38000 	C:\WINDOWS\System32\PSAPI.DLL
0x00007ffe0e0f0000 - 0x00007ffe0e117000 	C:\WINDOWS\SYSTEM32\WINMM.dll
0x00007ffe12180000 - 0x00007ffe12189000 	C:\WINDOWS\SYSTEM32\WSOCK32.dll
0x00007ffe221e0000 - 0x00007ffe2224b000 	C:\WINDOWS\System32\WS2_32.dll
0x00007ffe1e050000 - 0x00007ffe1e062000 	C:\WINDOWS\SYSTEM32\kernel.appcore.dll
0x00007ffe0bf70000 - 0x00007ffe0bf7a000 	D:\JAVA\JDK\bin\jimage.dll
0x00007ffe19da0000 - 0x00007ffe19f84000 	C:\WINDOWS\SYSTEM32\DBGHELP.DLL
0x00007ffe121e0000 - 0x00007ffe1220c000 	C:\WINDOWS\SYSTEM32\dbgcore.DLL
0x00007ffe20750000 - 0x00007ffe207d2000 	C:\WINDOWS\System32\bcryptPrimitives.dll
0x00007ffe10c60000 - 0x00007ffe10c6e000 	D:\JAVA\JDK\bin\instrument.dll
0x00007ffdf3bc0000 - 0x00007ffdf3be5000 	D:\JAVA\JDK\bin\java.dll
0x00007ffe21340000 - 0x00007ffe21a84000 	C:\WINDOWS\System32\SHELL32.dll
0x00007ffe1e270000 - 0x00007ffe1ea04000 	C:\WINDOWS\SYSTEM32\windows.storage.dll
0x00007ffe20cc0000 - 0x00007ffe21014000 	C:\WINDOWS\System32\combase.dll
0x00007ffe1fbc0000 - 0x00007ffe1fbec000 	C:\WINDOWS\SYSTEM32\Wldp.dll
0x00007ffe20bb0000 - 0x00007ffe20c5d000 	C:\WINDOWS\System32\SHCORE.dll
0x00007ffe21b20000 - 0x00007ffe21b75000 	C:\WINDOWS\System32\shlwapi.dll
0x00007ffe20090000 - 0x00007ffe200af000 	C:\WINDOWS\SYSTEM32\profapi.dll
0x00007ffdfcc50000 - 0x00007ffdfcc68000 	D:\JAVA\JDK\bin\zip.dll
0x00007ffe030b0000 - 0x00007ffe030c9000 	D:\JAVA\JDK\bin\net.dll
0x00007ffe1a330000 - 0x00007ffe1a43a000 	C:\WINDOWS\SYSTEM32\WINHTTP.dll
0x00007ffe1f920000 - 0x00007ffe1f98a000 	C:\WINDOWS\system32\mswsock.dll
0x00007ffe016d0000 - 0x00007ffe016e3000 	D:\JAVA\JDK\bin\nio.dll
0x00007ffe04690000 - 0x00007ffe046aa000 	D:\JetBrains\IntelliJ IDEA 2022.1\bin\breakgen64.dll
0x00007ffe1f600000 - 0x00007ffe1f6cb000 	C:\WINDOWS\SYSTEM32\DNSAPI.dll
0x00007ffe1f5c0000 - 0x00007ffe1f5fb000 	C:\WINDOWS\SYSTEM32\IPHLPAPI.DLL
0x00007ffe20b10000 - 0x00007ffe20b18000 	C:\WINDOWS\System32\NSI.dll
0x00007ffe17ac0000 - 0x00007ffe17aca000 	C:\Windows\System32\rasadhlp.dll
0x00007ffe13920000 - 0x00007ffe1399f000 	C:\WINDOWS\System32\fwpuclnt.dll
0x00007ffe20a60000 - 0x00007ffe20a87000 	C:\WINDOWS\System32\bcrypt.dll
0x00007ffe06630000 - 0x00007ffe06639000 	D:\JAVA\JDK\bin\management.dll
0x00007ffe046b0000 - 0x00007ffe046bb000 	D:\JAVA\JDK\bin\management_ext.dll
0x00007ffe1fb20000 - 0x00007ffe1fb38000 	C:\WINDOWS\SYSTEM32\CRYPTSP.dll
0x00007ffe1f230000 - 0x00007ffe1f264000 	C:\WINDOWS\system32\rsaenh.dll
0x00007ffe20010000 - 0x00007ffe2003e000 	C:\WINDOWS\SYSTEM32\USERENV.dll
0x00007ffe1fb10000 - 0x00007ffe1fb1c000 	C:\WINDOWS\SYSTEM32\CRYPTBASE.dll
0x00007ffe19220000 - 0x00007ffe19237000 	C:\WINDOWS\SYSTEM32\dhcpcsvc6.DLL
0x00007ffe19200000 - 0x00007ffe1921d000 	C:\WINDOWS\SYSTEM32\dhcpcsvc.DLL
0x00007ffe05150000 - 0x00007ffe05167000 	C:\WINDOWS\system32\napinsp.dll
0x00007ffdfc4c0000 - 0x00007ffdfc4db000 	C:\WINDOWS\system32\pnrpnsp.dll
0x00007ffe19fb0000 - 0x00007ffe19fc5000 	C:\WINDOWS\system32\wshbth.dll
0x00007ffe1a440000 - 0x00007ffe1a45d000 	C:\WINDOWS\system32\NLAapi.dll
0x00007ffe05040000 - 0x00007ffe05052000 	C:\WINDOWS\System32\winrnr.dll

dbghelp: loaded successfully - version: 4.0.5 - missing functions: none
symbol engine: initialized successfully - sym options: 0x614 - pdb path: .;D:\JAVA\JDK\bin;C:\WINDOWS\SYSTEM32;C:\WINDOWS\WinSxS\amd64_microsoft.windows.common-controls_6595b64144ccf1df_6.0.19041.1110_none_60b5254171f9507e;D:\JAVA\JDK\bin\server;D:\JetBrains\IntelliJ IDEA 2022.1\bin

VM Arguments:
jvm_args: -XX:TieredStopAtLevel=1 -Xverify:none -Dspring.output.ansi.enabled=always -Dcom.sun.management.jmxremote -Dspring.jmx.enabled=true -Dspring.liveBeansView.mbeanDomain -Dspring.application.admin.enabled=true -javaagent:D:\JetBrains\IntelliJ IDEA 2022.1\lib\idea_rt.jar=59366:D:\JetBrains\IntelliJ IDEA 2022.1\bin -Dfile.encoding=UTF-8 
java_command: com.example.hemahotel.HeMaHotelApplication
java_class_path (initial): D:\东大之学习\大三\大三下\软件工程\hotel_backend\HeMaHotel\target\classes;C:\Users\user\.m2\repository\org\springframework\boot\spring-boot-starter-web\2.6.7\spring-boot-starter-web-2.6.7.jar;C:\Users\user\.m2\repository\org\springframework\boot\spring-boot-starter\2.6.7\spring-boot-starter-2.6.7.jar;C:\Users\user\.m2\repository\org\springframework\boot\spring-boot\2.6.7\spring-boot-2.6.7.jar;C:\Users\user\.m2\repository\org\springframework\boot\spring-boot-autoconfigure\2.6.7\spring-boot-autoconfigure-2.6.7.jar;C:\Users\user\.m2\repository\org\springframework\boot\spring-boot-starter-logging\2.6.7\spring-boot-starter-logging-2.6.7.jar;C:\Users\user\.m2\repository\ch\qos\logback\logback-classic\1.2.11\logback-classic-1.2.11.jar;C:\Users\user\.m2\repository\ch\qos\logback\logback-core\1.2.11\logback-core-1.2.11.jar;C:\Users\user\.m2\repository\org\apache\logging\log4j\log4j-to-slf4j\2.17.2\log4j-to-slf4j-2.17.2.jar;C:\Users\user\.m2\repository\org\apache\logging\log4j\log4j-api\2.17.2\log4j-api-2.17.2.jar;C:\Users\user\.m2\repository\org\slf4j\jul-to-slf4j\1.7.36\jul-to-slf4j-1.7.36.jar;C:\Users\user\.m2\repository\jakarta\annotation\jakarta.annotation-api\1.3.5\jakarta.annotation-api-1.3.5.jar;C:\Users\user\.m2\repository\org\yaml\snakeyaml\1.29\snakeyaml-1.29.jar;C:\Users\user\.m2\repository\org\springframework\boot\spring-boot-starter-json\2.6.7\spring-boot-starter-json-2.6.7.jar;C:\Users\user\.m2\repository\com\fasterxml\jackson\datatype\jackson-datatype-jdk8\2.13.2\jackson-datatype-jdk8-2.13.2.jar;C:\Users\user\.m2\repository\com\fasterxml\jackson\datatype\jackson-datatype-jsr310\2.13.2\jackson-datatype-jsr310-2.13.2.jar;C:\Users\user\.m2\repository\com\fasterxml\jackson\module\jackson-module-parameter-names\2.13.2\jackson-module-parameter-names-2.13.2.jar;C:\Users\user\.m2\repository\org\springframework\boot\spring-boot-starter-tomcat\2.6.7\spring-boot-starter-tomcat-2.6.7.jar;C:\Users\user\.m2\repository\org\apache\tomcat\embed\tom
Launcher Type: SUN_STANDARD

[Global flags]
     intx CICompilerCount                          = 4                                         {product} {ergonomic}
     uint ConcGCThreads                            = 2                                         {product} {ergonomic}
     uint G1ConcRefinementThreads                  = 8                                         {product} {ergonomic}
   size_t G1HeapRegionSize                         = 2097152                                   {product} {ergonomic}
    uintx GCDrainStackTargetSize                   = 64                                        {product} {ergonomic}
   size_t InitialHeapSize                          = 266338304                                 {product} {ergonomic}
     bool ManagementServer                         = true                                      {product} {command line}
   size_t MarkStackSize                            = 4194304                                   {product} {ergonomic}
   size_t MaxHeapSize                              = 4250927104                                {product} {ergonomic}
   size_t MaxNewSize                               = 2550136832                                {product} {ergonomic}
   size_t MinHeapDeltaBytes                        = 2097152                                   {product} {ergonomic}
   size_t MinHeapSize                              = 8388608                                   {product} {ergonomic}
    uintx NonNMethodCodeHeapSize                   = 7549744                                {pd product} {ergonomic}
    uintx NonProfiledCodeHeapSize                  = 244108496                              {pd product} {ergonomic}
    uintx ProfiledCodeHeapSize                     = 0                                      {pd product} {ergonomic}
    uintx ReservedCodeCacheSize                    = 251658240                              {pd product} {ergonomic}
     bool SegmentedCodeCache                       = true                                      {product} {ergonomic}
   size_t SoftMaxHeapSize                          = 4250927104                             {manageable} {ergonomic}
     intx TieredStopAtLevel                        = 1                                         {product} {command line}
     bool UseCompressedClassPointers               = true                           {product lp64_product} {ergonomic}
     bool UseCompressedOops                        = true                           {product lp64_product} {ergonomic}
     bool UseG1GC                                  = true                                      {product} {ergonomic}
     bool UseLargePagesIndividualAllocation        = false                                  {pd product} {ergonomic}

Logging:
Log output configuration:
 #0: stdout all=warning uptime,level,tags
 #1: stderr all=off uptime,level,tags

Environment Variables:
JAVA_HOME=D:\JAVA\JDK
PATH=D:\VMWare\bin\;C:\Program Files\Common Files\Oracle\Java\javapath;C:\Windows\system32;C:\Windows;C:\Windows\System32\Wbem;C:\Windows\System32\WindowsPowerShell\v1.0\;C:\Windows\System32\OpenSSH\;C:\Program Files (x86)\NVIDIA Corporation\PhysX\Common;C:\Program Files\NVIDIA Corporation\NVIDIA NvDLISR;D:\matlab\bin;d:\quartus\quartus\bin;C:\WINDOWS\system32;C:\WINDOWS;C:\WINDOWS\System32\Wbem;C:\WINDOWS\System32\WindowsPowerShell\v1.0\;C:\WINDOWS\System32\OpenSSH\;D:\JAVA\JDK\bin;D:\Bitvise;C:\Program Files\Git\cmd;D:\Tortoisegit\bin;C:\Program Files\dotnet\;C:\Program Files\MySQL\MySQL Shell 8.0\bin\;C:\Users\user\AppData\Local\Programs\Python\Python39\Scripts\;C:\Users\user\AppData\Local\Programs\Python\Python39\;C:\Users\user\AppData\Local\Microsoft\WindowsApps;D:\PyCharm\PyCharm Community Edition 2020.2.1\bin;;D:\anaconda3;D:\anaconda3\Scripts;D:\anaconda3\Library\bin;D:\anaconda3\Library\usr\bin;D:\anaconda3\Library\mingw-w64\bin;C:\Users\user\.dotnet\tools
USERNAME=user
OS=Windows_NT
PROCESSOR_IDENTIFIER=Intel64 Family 6 Model 142 Stepping 12, GenuineIntel



---------------  S Y S T E M  ---------------

OS:
 Windows 10 , 64 bit Build 19041 (10.0.19041.1645)
OS uptime: 9 days 13:37 hours

CPU: total 8 (initial active 8) (4 cores per cpu, 2 threads per core) family 6 model 142 stepping 12 microcode 0xbe, cx8, cmov, fxsr, ht, mmx, 3dnowpref, sse, sse2, sse3, ssse3, sse4.1, sse4.2, popcnt, lzcnt, tsc, tscinvbit, avx, avx2, aes, erms, clmul, bmi1, bmi2, adx, fma, vzeroupper, clflush, clflushopt

Memory: 4k page, system-wide physical 16214M (3417M free)
TotalPageFile size 29014M (AvailPageFile size 3M)
current process WorkingSet (physical memory assigned to process): 108M, peak: 108M
current process commit charge ("private bytes"): 369M, peak: 369M

vm_info: Java HotSpot(TM) 64-Bit Server VM (16.0.1+9-24) for windows-amd64 JRE (16.0.1+9-24), built on Mar 26 2021 19:31:42 by "mach5one" with MS VC++ 16.7 (VS2019)

END.
